<?xml version="1.0" encoding="UTF-8"?>
<testng-results skipped="0" failed="0" ignored="0" total="1" passed="1">
  <reporter-output>
  </reporter-output>
  <suite name="Default suite" duration-ms="13573" started-at="2020-11-28T13:29:49Z" finished-at="2020-11-28T13:30:03Z">
    <groups>
    </groups>
    <test name="Default test" duration-ms="13573" started-at="2020-11-28T13:29:49Z" finished-at="2020-11-28T13:30:03Z">
      <class name="com.selinium_demo.Hdfc_frames_demo">
        <test-method status="PASS" signature="hdfc_frame()[pri:0, instance:com.selinium_demo.Hdfc_frames_demo@68c4039c]" name="hdfc_frame" duration-ms="13509" started-at="2020-11-28T13:29:49Z" finished-at="2020-11-28T13:30:03Z">
          <reporter-output>
          </reporter-output>
        </test-method> <!-- hdfc_frame -->
      </class> <!-- com.selinium_demo.Hdfc_frames_demo -->
    </test> <!-- Default test -->
  </suite> <!-- Default suite -->
</testng-results>
